<?xml version="1.0" encoding="UTF-8"?>
<testng-results skipped="0" failed="0" ignored="0" total="1" passed="1">
  <reporter-output>
  </reporter-output>
  <suite name="Default suite" duration-ms="25743" started-at="2020-09-30T19:32:10Z" finished-at="2020-09-30T19:32:36Z">
    <groups>
      <group name="cucumber">
        <method signature="AbstractTestNGCucumberTests.runScenario(io.cucumber.testng.PickleWrapper, io.cucumber.testng.FeatureWrapper)[pri:0, instance:com.capg.omts.sreen_show.test_runner.TestRunner@4632cfc]" name="runScenario" class="io.cucumber.testng.AbstractTestNGCucumberTests"/>
      </group> <!-- cucumber -->
    </groups>
    <test name="Default test" duration-ms="25743" started-at="2020-09-30T19:32:10Z" finished-at="2020-09-30T19:32:36Z">
      <class name="com.capg.omts.sreen_show.test_runner.TestRunner">
        <test-method status="PASS" signature="setUpClass()[pri:0, instance:com.capg.omts.sreen_show.test_runner.TestRunner@4632cfc]" name="setUpClass" is-config="true" duration-ms="2458" started-at="2020-09-30T19:32:10Z" finished-at="2020-09-30T19:32:13Z">
          <reporter-output>
          </reporter-output>
        </test-method> <!-- setUpClass -->
        <test-method status="PASS" signature="runScenario(io.cucumber.testng.PickleWrapper, io.cucumber.testng.FeatureWrapper)[pri:0, instance:com.capg.omts.sreen_show.test_runner.TestRunner@4632cfc]" name="runScenario" duration-ms="20379" started-at="2020-09-30T19:32:13Z" description="Runs Cucumber Scenarios" data-provider="scenarios" finished-at="2020-09-30T19:32:33Z">
          <params>
            <param index="0">
              <value>
                <![CDATA["To Test the Screen Functionality of ScreenShow"]]>
              </value>
            </param>
            <param index="1">
              <value>
                <![CDATA["To Test the ScreenShow Application"]]>
              </value>
            </param>
          </params>
          <reporter-output>
          </reporter-output>
        </test-method> <!-- runScenario -->
        <test-method status="PASS" signature="Extentsreport()[pri:0, instance:com.capg.omts.sreen_show.test_runner.TestRunner@4632cfc]" name="Extentsreport" is-config="true" duration-ms="1" started-at="2020-09-30T19:32:33Z" finished-at="2020-09-30T19:32:33Z">
          <reporter-output>
          </reporter-output>
        </test-method> <!-- Extentsreport -->
        <test-method status="PASS" signature="tearDownClass()[pri:0, instance:com.capg.omts.sreen_show.test_runner.TestRunner@4632cfc]" name="tearDownClass" is-config="true" duration-ms="2463" started-at="2020-09-30T19:32:33Z" finished-at="2020-09-30T19:32:36Z">
          <reporter-output>
          </reporter-output>
        </test-method> <!-- tearDownClass -->
      </class> <!-- com.capg.omts.sreen_show.test_runner.TestRunner -->
    </test> <!-- Default test -->
  </suite> <!-- Default suite -->
</testng-results>
